<?xml version="1.0" encoding="UTF-8"?>
<testng-results ignored="0" total="1" passed="1" failed="0" skipped="0">
  <reporter-output>
  </reporter-output>
  <suite started-at="2025-08-28T19:21:07 IST" name="Default suite" finished-at="2025-08-28T19:21:31 IST" duration-ms="23627">
    <groups>
    </groups>
    <test started-at="2025-08-28T19:21:07 IST" name="Default test" finished-at="2025-08-28T19:21:31 IST" duration-ms="23627">
      <class name="com.luv.amazon._012TestCase_PaymentPage">
        <test-method is-config="true" signature="LaunchBrowser()[pri:0, instance:com.luv.amazon._012TestCase_PaymentPage@ba2f4ec]" started-at="2025-08-28T19:21:07 IST" name="LaunchBrowser" finished-at="2025-08-28T19:21:13 IST" duration-ms="5832" status="PASS">
          <reporter-output>
          </reporter-output>
        </test-method> <!-- LaunchBrowser -->
        <test-method signature="paymentPage()[pri:0, instance:com.luv.amazon._012TestCase_PaymentPage@ba2f4ec]" started-at="2025-08-28T19:21:13 IST" name="paymentPage" finished-at="2025-08-28T19:21:31 IST" duration-ms="17418" status="PASS">
          <reporter-output>
          </reporter-output>
        </test-method> <!-- paymentPage -->
        <test-method is-config="true" signature="Quit()[pri:0, instance:com.luv.amazon._012TestCase_PaymentPage@ba2f4ec]" started-at="2025-08-28T19:21:31 IST" name="Quit" finished-at="2025-08-28T19:21:31 IST" duration-ms="325" status="PASS">
          <reporter-output>
          </reporter-output>
        </test-method> <!-- Quit -->
      </class> <!-- com.luv.amazon._012TestCase_PaymentPage -->
    </test> <!-- Default test -->
  </suite> <!-- Default suite -->
</testng-results>
